\BOOKMARK [1][-]{section.1}{Facts}{}% 1
\BOOKMARK [1][-]{section.2}{Research Question}{}% 2
\BOOKMARK [1][-]{section.3}{Social Implications}{}% 3
\BOOKMARK [1][-]{section.4}{Others' Arguments}{}% 4
\BOOKMARK [2][-]{subsection.4.1}{Ethical}{section.4}% 5
\BOOKMARK [3][-]{subsubsection.4.1.1}{General Keith Alexander}{subsection.4.1}% 6
\BOOKMARK [3][-]{subsubsection.4.1.2}{Supreme Court Opinion}{subsection.4.1}% 7
\BOOKMARK [2][-]{subsection.4.2}{Unethical}{section.4}% 8
\BOOKMARK [3][-]{subsubsection.4.2.1}{Justice Alito}{subsection.4.2}% 9
\BOOKMARK [3][-]{subsubsection.4.2.2}{ACLU}{subsection.4.2}% 10
\BOOKMARK [1][-]{section.5}{Analysis}{}% 11
\BOOKMARK [2][-]{subsection.5.1}{How the SE Code Applies}{section.5}% 12
\BOOKMARK [3][-]{subsubsection.5.1.1}{Software Engineer}{subsection.5.1}% 13
\BOOKMARK [0][-]{subsubsubsection.5.1.1.1}{Direct Participation}{}% 14
\BOOKMARK [0][-]{subsubsubsection.5.1.1.2}{Design}{}% 15
\BOOKMARK [0][-]{subsubsubsection.5.1.1.3}{Software System}{}% 16
\BOOKMARK [0][-]{subsubsubsection.5.1.1.4}{Software Engineer Definition}{}% 17
\BOOKMARK [0][-]{subsubsubsection.5.1.1.5}{Analysis}{}% 18
\BOOKMARK [0][-]{subsubsubsubsection.5.1.1.5.1}{Contributes by Taking Part}{}% 19
\BOOKMARK [0][-]{subsubsubsubsection.5.1.1.5.2}{Without an Intervening Person or Thing}{}% 20
\BOOKMARK [0][-]{subsubsubsubsection.5.1.1.5.3}{Devise for a Specific Function or End}{}% 21
\BOOKMARK [0][-]{subsubsubsection.5.1.1.6}{Conclusion}{}% 22
\BOOKMARK [1][-]{subsubsection.5.1.2}{Prescribe}{subsubsubsection.5.1.1.6}% 23
\BOOKMARK [2][-]{subsubsection.5.1.3}{Aspiring}{subsubsection.5.1.2}% 24
\BOOKMARK [3][-]{subsubsection.5.1.4}{Who the SE Code Applies to}{subsubsection.5.1.3}% 25
\BOOKMARK [3][-]{subsubsection.5.1.5}{Analysis}{subsubsection.5.1.3}% 26
\BOOKMARK [3][-]{subsubsection.5.1.6}{Conclusion}{subsubsection.5.1.3}% 27
\BOOKMARK [2][-]{subsection.5.2}{Code Tenet 1.05}{subsubsection.5.1.2}% 28
\BOOKMARK [3][-]{subsubsection.5.2.1}{Definition}{subsection.5.2}% 29
\BOOKMARK [0][-]{subsubsubsection.5.2.1.1}{Cooperate}{}% 30
\BOOKMARK [0][-]{subsubsubsection.5.2.1.2}{Matters of Grave Public Concern}{}% 31
\BOOKMARK [0][-]{subsubsubsection.5.2.1.3}{Software}{}% 32
\BOOKMARK [1][-]{subsubsection.5.2.2}{Domain Specific Tenet 1.05}{subsubsubsection.5.2.1.3}% 33
\BOOKMARK [2][-]{subsubsection.5.2.3}{Analysis}{subsubsection.5.2.2}% 34
\BOOKMARK [0][-]{subsubsubsection.5.2.3.1}{Work with Other Persons}{}% 35
\BOOKMARK [0][-]{subsubsubsection.5.2.3.2}{Willingly and Agreeably}{}% 36
\BOOKMARK [0][-]{subsubsubsection.5.2.3.3}{Efforts to Address Location Tracking without Permission caused by GPS Communication}{}% 37
\BOOKMARK [1][-]{subsubsection.5.2.4}{Conclusion}{subsubsubsection.5.2.3.3}% 38
\BOOKMARK [2][-]{subsection.5.3}{Code Tenet 3.12}{subsubsection.5.2.4}% 39
\BOOKMARK [3][-]{subsubsection.5.3.1}{Definition}{subsection.5.3}% 40
\BOOKMARK [0][-]{subsubsubsection.5.3.1.1}{Software}{}% 41
\BOOKMARK [0][-]{subsubsubsection.5.3.1.2}{Develop Software}{}% 42
\BOOKMARK [0][-]{subsubsubsection.5.3.1.3}{Privacy}{}% 43
\BOOKMARK [1][-]{subsubsection.5.3.2}{Domain Specific Tenet 3.12}{subsubsubsection.5.3.1.3}% 44
\BOOKMARK [2][-]{subsubsection.5.3.3}{Analysis}{subsubsection.5.3.2}% 45
\BOOKMARK [0][-]{subsubsubsection.5.3.3.1}{Create GPS Tracking}{}% 46
\BOOKMARK [0][-]{subsubsubsection.5.3.3.2}{Deliberate Effort Over Time}{}% 47
\BOOKMARK [0][-]{subsubsubsection.5.3.3.3}{Entering Upon}{}% 48
\BOOKMARK [0][-]{subsubsubsection.5.3.3.4}{Respect Freedom from Unauthorized Entering Upon}{}% 49
\BOOKMARK [0][-]{subsubsubsection.5.3.3.5}{Those Who Will be Affected by that GPS Device}{}% 50
\BOOKMARK [1][-]{subsubsection.5.3.4}{Conclusion}{subsubsubsection.5.3.3.5}% 51
\BOOKMARK [2][-]{subsection.5.4}{Code Tenet 4.01}{subsubsection.5.3.4}% 52
\BOOKMARK [3][-]{subsubsection.5.4.1}{Definition}{subsection.5.4}% 53
\BOOKMARK [0][-]{subsubsubsection.5.4.1.1}{Temper}{}% 54
\BOOKMARK [0][-]{subsubsubsection.5.4.1.2}{Technical Judgments}{}% 55
\BOOKMARK [0][-]{subsubsubsection.5.4.1.3}{Support}{}% 56
\BOOKMARK [0][-]{subsubsubsection.5.4.1.4}{Maintain}{}% 57
\BOOKMARK [0][-]{subsubsubsection.5.4.1.5}{Support and Maintain}{}% 58
\BOOKMARK [0][-]{subsubsubsection.5.4.1.6}{Human Values}{}% 59
\BOOKMARK [1][-]{subsubsection.5.4.2}{Domain Specific Tenet 4.01}{subsubsubsection.5.4.1.6}% 60
\BOOKMARK [2][-]{subsubsection.5.4.3}{Analysis}{subsubsection.5.4.2}% 61
\BOOKMARK [0][-]{subsubsubsection.5.4.3.1}{Judgments Based on or Marked by a Strict or Legal Interpretation}{}% 62
\BOOKMARK [0][-]{subsubsubsection.5.4.3.2}{Soften all Judgments}{}% 63
\BOOKMARK [0][-]{subsubsubsection.5.4.3.3}{The Need to Promote the Interests of Eliminating Drug Trafficking}{}% 64
\BOOKMARK [1][-]{subsubsection.5.4.4}{Conclusion}{subsubsubsection.5.4.3.3}% 65
\BOOKMARK [2][-]{subsection.5.5}{Conclusion}{subsubsection.5.4.4}% 66
